        -:    0:Source:/usr/local/include/xercesc/util/RefVectorOf.c
        -:    0:Graph:Test.gcno
        -:    0:Data:Test.gcda
        -:    0:Runs:1
        -:    0:Programs:1
        -:    1:/*
        -:    2: * Licensed to the Apache Software Foundation (ASF) under one or more
        -:    3: * contributor license agreements.  See the NOTICE file distributed with
        -:    4: * this work for additional information regarding copyright ownership.
        -:    5: * The ASF licenses this file to You under the Apache License, Version 2.0
        -:    6: * (the "License"); you may not use this file except in compliance with
        -:    7: * the License.  You may obtain a copy of the License at
        -:    8: * 
        -:    9: *      http://www.apache.org/licenses/LICENSE-2.0
        -:   10: * 
        -:   11: * Unless required by applicable law or agreed to in writing, software
        -:   12: * distributed under the License is distributed on an "AS IS" BASIS,
        -:   13: * WITHOUT WARRANTIES OR CONDITIONS OF ANY KIND, either express or implied.
        -:   14: * See the License for the specific language governing permissions and
        -:   15: * limitations under the License.
        -:   16: */
        -:   17:
        -:   18:/*
        -:   19: * $Id: RefVectorOf.c 676911 2008-07-15 13:27:32Z amassari $
        -:   20: */
        -:   21:
        -:   22:
        -:   23:// ---------------------------------------------------------------------------
        -:   24://  Includes
        -:   25:// ---------------------------------------------------------------------------
        -:   26:#if defined(XERCES_TMPLSINC)
        -:   27:#include <xercesc/util/RefVectorOf.hpp>
        -:   28:#endif
        -:   29:
        -:   30:XERCES_CPP_NAMESPACE_BEGIN
        -:   31:
        -:   32:// ---------------------------------------------------------------------------
        -:   33://  RefVectorOf: Constructors and Destructor
        -:   34:// ---------------------------------------------------------------------------
        -:   35:template <class TElem>
        -:   36:RefVectorOf<TElem>::RefVectorOf(const XMLSize_t maxElems,
        -:   37:                                const bool adoptElems,
        -:   38:                                MemoryManager* const manager)
        -:   39:    : BaseRefVectorOf<TElem>(maxElems, adoptElems, manager)
        -:   40:{
        -:   41:}
        -:   42:
function _ZN11xercesc_3_111RefVectorOfINS_2OpEED0Ev called 0 returned 0% blocks executed 0%
function _ZN11xercesc_3_111RefVectorOfINS_2OpEED2Ev called 0 returned 0% blocks executed 0%
    #####:   43:template <class TElem> RefVectorOf<TElem>::~RefVectorOf()
        -:   44:{
    #####:   45:    if (this->fAdoptedElems)
branch  0 never executed
branch  1 never executed
        -:   46:    {
    #####:   47:        for (XMLSize_t index = 0; index < this->fCurCount; index++)
branch  0 never executed
branch  1 never executed
    #####:   48:            delete this->fElemList[index];
branch  0 never executed
branch  1 never executed
branch  2 never executed
branch  3 never executed
call    4 never executed
        -:   49:    }
    #####:   50:    this->fMemoryManager->deallocate(this->fElemList);//delete [] this->fElemList;
branch  0 never executed
branch  1 never executed
call    2 never executed
branch  3 never executed
branch  4 never executed
call    5 never executed
    #####:   51:}
call    0 never executed
call    1 never executed
call    2 never executed
call    3 never executed
call    4 never executed
        -:   52:
        -:   53:
        -:   54:XERCES_CPP_NAMESPACE_END
