        -:    0:Source:/usr/local/include/xercesc/util/XMLMutexMgr.hpp
        -:    0:Graph:Test.gcno
        -:    0:Data:Test.gcda
        -:    0:Runs:1
        -:    0:Programs:1
        -:    1:/*
        -:    2: * Licensed to the Apache Software Foundation (ASF) under one or more
        -:    3: * contributor license agreements.  See the NOTICE file distributed with
        -:    4: * this work for additional information regarding copyright ownership.
        -:    5: * The ASF licenses this file to You under the Apache License, Version 2.0
        -:    6: * (the "License"); you may not use this file except in compliance with
        -:    7: * the License.  You may obtain a copy of the License at
        -:    8: * 
        -:    9: *      http://www.apache.org/licenses/LICENSE-2.0
        -:   10: * 
        -:   11: * Unless required by applicable law or agreed to in writing, software
        -:   12: * distributed under the License is distributed on an "AS IS" BASIS,
        -:   13: * WITHOUT WARRANTIES OR CONDITIONS OF ANY KIND, either express or implied.
        -:   14: * See the License for the specific language governing permissions and
        -:   15: * limitations under the License.
        -:   16: */
        -:   17:
        -:   18:/*
        -:   19: * $Id: XMLMutexMgr.hpp 527149 2007-04-10 14:56:39Z amassari $
        -:   20: */
        -:   21:
        -:   22:#if !defined(XERCESC_INCLUDE_GUARD_XMLMUTEXMGR_HPP)
        -:   23:#define XERCESC_INCLUDE_GUARD_XMLMUTEXMGR_HPP
        -:   24:
        -:   25:#include <xercesc/util/XMemory.hpp>
        -:   26:
        -:   27:XERCES_CPP_NAMESPACE_BEGIN
        -:   28:
        -:   29:typedef void* XMLMutexHandle;
        -:   30:
        -:   31://	Abstract class for mutex implementation.
        -:   32://  This is be used to allow multiple mutex handling implementations.
        -:   33:class XMLMutexMgr : public XMemory
        -:   34:{
        -:   35:    public:
        -:   36:        XMLMutexMgr() {}
function _ZN11xercesc_3_111XMLMutexMgrD0Ev called 0 returned 0% blocks executed 0%
function _ZN11xercesc_3_111XMLMutexMgrD2Ev called 0 returned 0% blocks executed 0%
    #####:   37:        virtual ~XMLMutexMgr() {}
call    0 never executed
call    1 never executed
branch  2 never executed
branch  3 never executed
call    4 never executed
        -:   38:
        -:   39:		// Mutex operations
        -:   40:		virtual XMLMutexHandle	create(MemoryManager* const manager) = 0;
        -:   41:		virtual void			destroy(XMLMutexHandle mtx, MemoryManager* const manager) = 0;
        -:   42:		virtual void			lock(XMLMutexHandle mtx) = 0;
        -:   43:		virtual void			unlock(XMLMutexHandle mtx) = 0;
        -:   44:};
        -:   45:
        -:   46:XERCES_CPP_NAMESPACE_END
        -:   47:
        -:   48:
        -:   49:#endif
        -:   50:
